[  3338.755] 
X.Org X Server 1.21.1.3
X Protocol Version 11, Revision 0
[  3338.756] Current Operating System: Linux fc65d9dee4cd 5.15.0-41-generic #44~20.04.1-Ubuntu SMP Fri Jun 24 13:27:29 UTC 2022 x86_64
[  3338.756] Kernel command line: BOOT_IMAGE=/boot/vmlinuz-5.15.0-41-generic root=UUID=fc1869ac-ae60-4e29-923a-741f9b7195c6 ro quiet splash
[  3338.756]  
[  3338.756] Current version of pixman: 0.40.0
[  3338.756] 	Before reporting problems, check http://wiki.x.org
	to make sure that you have the latest version.
[  3338.756] Markers: (--) probed, (**) from config file, (==) default setting,
	(++) from command line, (!!) notice, (II) informational,
	(WW) warning, (EE) error, (NI) not implemented, (??) unknown.
[  3338.756] (++) Log file: ".xorgxrdp.10.log", Time: Mon Jul 18 06:39:51 2022
[  3338.756] (++) Using config file: "/etc/X11/xrdp/xorg.conf"
[  3338.756] (==) Using system config directory "/usr/share/X11/xorg.conf.d"
[  3338.756] (**) Option "defaultserverlayout" "X11 Server"
[  3338.756] (**) ServerLayout "X11 Server"
[  3338.756] (**) |-->Screen "Screen (xrdpdev)" (0)
[  3338.756] (**) |   |-->Monitor "Monitor"
[  3338.757] (**) |   |-->Device "Video Card (xrdpdev)"
[  3338.757] (**) |-->Input Device "xrdpMouse"
[  3338.757] (**) |-->Input Device "xrdpKeyboard"
[  3338.757] (**) Option "DontVTSwitch" "on"
[  3338.757] (**) Option "AutoAddDevices" "off"
[  3338.757] (**) Not automatically adding devices
[  3338.757] (==) Automatically enabling devices
[  3338.757] (==) Automatically adding GPU devices
[  3338.757] (==) Automatically binding GPU devices
[  3338.757] (==) Max clients allowed: 256, resource mask: 0x1fffff
[  3338.757] (WW) The directory "/usr/share/fonts/TTF" does not exist.
[  3338.757] 	Entry deleted from font path.
[  3338.757] (WW) The directory "/usr/share/fonts/Type1" does not exist.
[  3338.757] 	Entry deleted from font path.
[  3338.757] (==) FontPath set to:
	/usr/share/fonts/misc,
	/usr/share/fonts/100dpi:unscaled,
	/usr/share/fonts/75dpi:unscaled
[  3338.757] (==) ModulePath set to "/usr/lib/xorg/modules"
[  3338.757] (II) Module ABI versions:
[  3338.757] 	X.Org ANSI C Emulation: 0.4
[  3338.757] 	X.Org Video Driver: 25.2
[  3338.757] 	X.Org XInput driver : 24.4
[  3338.757] 	X.Org Server Extension : 10.0
[  3338.757] (II) xfree86: Adding drm device (/dev/dri/card0)
[  3338.757] (II) Platform probe for /sys/devices/pci0000:00/0000:00:02.0/drm/card0
[  3338.758] (--) PCI:*(0@0:2:0) 15ad:0405:15ad:0405 rev 0, Mem @ 0xe0000000/67108864, 0xf0000000/2097152, I/O @ 0x0000d010/16, BIOS @ 0x????????/131072
[  3338.758] (WW) Open ACPI failed (/var/run/acpid.socket) (No such file or directory)
[  3338.758] (II) "glx" will be loaded. This was enabled by default and also specified in the config file.
[  3338.758] (II) LoadModule: "dbe"
[  3338.758] (II) Module "dbe" already built-in
[  3338.758] (II) LoadModule: "ddc"
[  3338.758] (II) Module "ddc" already built-in
[  3338.758] (II) LoadModule: "extmod"
[  3338.758] (II) Module "extmod" already built-in
[  3338.758] (II) LoadModule: "glx"
[  3338.758] (II) Loading /usr/lib/xorg/modules/extensions/libglx.so
[  3338.760] (II) Module glx: vendor="X.Org Foundation"
[  3338.760] 	compiled for 1.21.1.3, module version = 1.0.0
[  3338.760] 	ABI class: X.Org Server Extension, version 10.0
[  3338.760] (II) LoadModule: "int10"
[  3338.760] (II) Loading /usr/lib/xorg/modules/libint10.so
[  3338.760] (II) Module int10: vendor="X.Org Foundation"
[  3338.760] 	compiled for 1.21.1.3, module version = 1.0.0
[  3338.760] 	ABI class: X.Org Video Driver, version 25.2
[  3338.760] (II) LoadModule: "record"
[  3338.760] (II) Module "record" already built-in
[  3338.760] (II) LoadModule: "vbe"
[  3338.760] (II) Loading /usr/lib/xorg/modules/libint10.so
[  3338.760] (II) Module int10: vendor="X.Org Foundation"
[  3338.760] 	compiled for 1.21.1.3, module version = 1.0.0
[  3338.760] 	ABI class: X.Org Video Driver, version 25.2
[  3338.760] (II) LoadModule: "xorgxrdp"
[  3338.760] (II) Loading /usr/lib/xorg/modules/libxorgxrdp.so
[  3338.760] (II) Module XORGXRDP: vendor="X.Org Foundation"
[  3338.760] 	compiled for 1.21.1.1, module version = 0.2.17
[  3338.760] 	ABI class: X.Org Video Driver, version 25.2
[  3338.760] xorgxrdpSetup:
[  3338.760] (II) LoadModule: "fb"
[  3338.760] (II) Module "fb" already built-in
[  3338.760] (II) LoadModule: "xrdpdev"
[  3338.760] (II) Loading /usr/lib/xorg/modules/drivers/xrdpdev_drv.so
[  3338.761] (II) Module XRDPDEV: vendor="X.Org Foundation"
[  3338.761] 	compiled for 1.21.1.1, module version = 0.2.17
[  3338.761] 	ABI class: X.Org Video Driver, version 25.2
[  3338.761] xrdpdevSetup:
[  3338.761] (II) LoadModule: "xrdpmouse"
[  3338.761] (II) Loading /usr/lib/xorg/modules/input/xrdpmouse_drv.so
[  3338.761] (II) Module XRDPMOUSE: vendor="X.Org Foundation"
[  3338.761] 	compiled for 1.21.1.1, module version = 0.2.17
[  3338.761] 	Module class: X.Org XInput Driver
[  3338.761] 	ABI class: X.Org XInput driver, version 24.4
[  3338.761] rdpmousePlug:
[  3338.761] (II) LoadModule: "xrdpkeyb"
[  3338.761] (II) Loading /usr/lib/xorg/modules/input/xrdpkeyb_drv.so
[  3338.761] (II) Module XRDPKEYB: vendor="X.Org Foundation"
[  3338.761] 	compiled for 1.21.1.1, module version = 0.2.17
[  3338.761] 	Module class: X.Org XInput Driver
[  3338.761] 	ABI class: X.Org XInput driver, version 24.4
[  3338.761] rdpkeybPlug:
[  3338.761] rdpIdentify:
[  3338.761] (II) XRDPDEV: driver for xrdp: XRDPDEV
[  3338.761] rdpDriverFunc: op 10
[  3338.761] (WW) Falling back to old probe method for XRDPDEV
[  3338.761] rdpProbe:
[  3338.761] (II) Loading sub module "fb"
[  3338.761] (II) LoadModule: "fb"
[  3338.761] (II) Module "fb" already built-in
[  3338.761] (II) XRDPDEV(0): using default device
[  3338.761] (WW) VGA arbiter: cannot open kernel arbiter, no multi-card support
[  3338.761] rdpPreInit:
[  3338.761] (**) XRDPDEV(0): Depth 24, (--) framebuffer bpp 32
[  3338.761] (==) XRDPDEV(0): RGB weight 888
[  3338.761] (==) XRDPDEV(0): Using gamma correction (1.0, 1.0, 1.0)
[  3338.761] (==) XRDPDEV(0): Default visual is TrueColor
[  3338.761] (==) XRDPDEV(0): DPI set to (96, 96)
[  3338.761] (II) XRDPDEV(0): 	mode "640x480" ok
[  3338.761] (II) XRDPDEV(0): 	mode "800x600" ok
[  3338.761] (II) XRDPDEV(0): Virtual size is 800x600 (pitch 800)
[  3338.761] (**) XRDPDEV(0):  Default mode "800x600": 36.0 MHz (scaled from 0.0 MHz), 35.2 kHz, 56.2 Hz
[  3338.761] (II) XRDPDEV(0): Modeline "800x600"x0.0   36.00  800 824 896 1024  600 601 603 625 +hsync +vsync (35.2 kHz d)
[  3338.761] rdpScreenInit: virtualX 800 virtualY 600 rgbBits 8 depth 24
[  3338.761] rdpScreenInit: pfbMemory bytes 1920000
[  3338.761] rdpScreenInit: pfbMemory 0x7ff3bd0f2360
[  3338.761] rdpSimdInit: assigning yuv functions
[  3338.761] rdpSimdInit: cpuid ax 1 cx 0 return ax 0x000806d1 bx 0x01020800 cx 0xdefa2203 dx 0x178bfbff
[  3338.761] rdpSimdInit: sse2 amd64 yuv functions assigned
[  3338.762] (==) XRDPDEV(0): Backing store enabled
[  3338.762] rdpClientConInit: disconnect idle session after [0] sec
[  3338.762] rdpClientConInit: kill disconnected [0] timeout [0] sec
[  3338.762] rdpXvInit: depth 24
[  3338.762] rdpScreenInit: out
[  3338.762] (II) Initializing extension Generic Event Extension
[  3338.762] (II) Initializing extension SHAPE
[  3338.762] (II) Initializing extension MIT-SHM
[  3338.762] (II) Initializing extension XInputExtension
[  3338.763] (II) Initializing extension XTEST
[  3338.763] (II) Initializing extension BIG-REQUESTS
[  3338.763] (II) Initializing extension SYNC
[  3338.763] (II) Initializing extension XKEYBOARD
[  3338.763] (II) Initializing extension XC-MISC
[  3338.764] (II) Initializing extension SECURITY
[  3338.764] (II) Initializing extension XFIXES
[  3338.764] (II) Initializing extension RENDER
[  3338.764] (II) Initializing extension RANDR
[  3338.765] (II) Initializing extension COMPOSITE
[  3338.765] (II) Initializing extension DAMAGE
[  3338.765] (II) Initializing extension MIT-SCREEN-SAVER
[  3338.765] (II) Initializing extension DOUBLE-BUFFER
[  3338.765] (II) Initializing extension RECORD
[  3338.765] (II) Initializing extension DPMS
[  3338.765] (II) Initializing extension Present
[  3338.766] (II) Initializing extension DRI3
[  3338.766] (II) Initializing extension X-Resource
[  3338.766] (II) Initializing extension XVideo
[  3338.766] (II) Initializing extension XVideo-MotionCompensation
[  3338.766] (II) Initializing extension GLX
[  3338.766] (II) AIGLX: Screen 0 is not DRI2 capable
[  3338.801] (II) IGLX: Loaded and initialized swrast
[  3338.801] (II) GLX: Initialized DRISWRAST GL provider for screen 0
[  3338.801] (II) Initializing extension XFree86-VidModeExtension
[  3338.801] (II) Initializing extension XFree86-DGA
[  3338.802] (II) Initializing extension XFree86-DRI
[  3338.802] (II) Initializing extension DRI2
[  3338.802] rdpCreateScreenResources:
[  3338.820] (II) Using input driver 'XRDPMOUSE' for 'xrdpMouse'
[  3338.820] (**) Option "CorePointer"
[  3338.820] (**) xrdpMouse: always reports core events
[  3338.820] rdpmousePreInit: drv 0x7ff3bd613400 info 0x7ff3b5225d30, flags 0x0
[  3338.820] (II) XINPUT: Adding extended input device "xrdpMouse" (type: Mouse, id 6)
[  3338.820] rdpmouseControl: what 0
[  3338.820] rdpmouseDeviceInit:
[  3338.820] rdpmouseCtrl:
[  3338.820] rdpRegisterInputCallback: type 1 proc 0x7ff3bd2cd3b1
[  3338.820] (**) xrdpMouse: (accel) keeping acceleration scheme 1
[  3338.820] (**) xrdpMouse: (accel) acceleration profile 0
[  3338.820] (**) xrdpMouse: (accel) acceleration factor: 2.000
[  3338.820] (**) xrdpMouse: (accel) acceleration threshold: 4
[  3338.820] rdpmouseControl: what 1
[  3338.820] rdpmouseDeviceOn:
[  3338.820] (II) Using input driver 'XRDPKEYB' for 'xrdpKeyboard'
[  3338.820] (**) Option "CoreKeyboard"
[  3338.820] (**) xrdpKeyboard: always reports core events
[  3338.820] rdpkeybPreInit: drv 0x7ff3bd6134a0 info 0x7ff3b51e0010, flags 0x0
[  3338.820] (II) XINPUT: Adding extended input device "xrdpKeyboard" (type: Keyboard, id 7)
[  3338.820] rdpkeybControl: what 0
[  3338.820] rdpkeybDeviceInit:
[  3338.831] rdpkeybChangeKeyboardControl:
[  3338.831] rdpkeybChangeKeyboardControl: autoRepeat on
[  3338.831] rdpRegisterInputCallback: type 0 proc 0x7ff3bd2c88a8
[  3338.831] rdpkeybControl: what 1
[  3338.831] rdpkeybDeviceOn:
[  3338.832] (II) config/udev: Adding drm device (/dev/dri/card0)
[  3338.832] (II) xfree86: Adding drm device (/dev/dri/card0)
[  3338.832] (II) Platform probe for /sys/devices/pci0000:00/0000:00:02.0/drm/card0
[  3338.834] rdpDeferredRandR:
[  3338.834] rdpResizeSession: width 1024 height 768
[  3338.834]   calling RRScreenSizeSet
[  3338.834] rdpRRScreenSetSize: width 1024 height 768 mmWidth 271 mmHeight 203
[  3338.835] rdpRRGetInfo:
[  3338.835]   screen resized to 1024x768
[  3338.838]   RRScreenSizeSet ok 1
[  3338.838] rdpResizeSession: width 1920 height 778
[  3338.838]   calling RRScreenSizeSet
[  3338.838] rdpRRScreenSetSize: width 1920 height 778 mmWidth 508 mmHeight 206
[  3338.838] rdpRRGetInfo:
[  3338.838]   screen resized to 1920x778
[  3338.839]   RRScreenSizeSet ok 1
[  3338.855] rdpClientConGotConnection:
[  3338.855] rdpClientConGotConnection: g_sck_accept ok new_sck 7
[  3338.855] rdpClientConGetConnection: idle_disconnect_timeout set to non-positive value, idle timer turned off
[  3338.855] rdpAddClientConToDev: adding first clientCon 0x7ff3bd2aa100
[  3338.856] rdpClientConProcessMsgVersion: version 0 0 0 1
[  3338.856] rdpClientConProcessScreenSizeMsg: set width 1920 height 778 bpp 16
[  3338.856] rdpClientConProcessScreenSizeMsg: shmemid 0 shmemptr 0x7ff3b4556000
[  3338.856] rdpClientConProcessMsgClientInput: invalidate x 0 y 0 cx 1920 cy 778
[  3338.931] rdpInDeferredRepeatCallback:
[  3338.931] rdpkeybChangeKeyboardControl:
[  3338.931] rdpkeybChangeKeyboardControl: autoRepeat off
[  3339.014] rdpRRGetInfo:
[  3339.064] rdpClientConProcessMsgClientInfo:
[  3339.064]   got client info bytes 7072
[  3339.064]   jpeg support 0
[  3339.064]   offscreen support 0
[  3339.064]   offscreen size 0
[  3339.064]   offscreen entries 0
[  3339.064]   client supports glyph cache but server disabled
[  3339.064]   client can not do offscreen to offscreen blits
[  3339.064]   client can do new(color) cursor
[  3339.064]   client can not do multimon
[  3339.064] rdpRRSetRdpOutputs: numCrtcs 0 numOutputs 0 monitorCount 0
[  3339.064] rdpRRSetRdpOutputs: add output 0 left 0 top 0 width 1920 height 778
[  3339.064] rdpLoadLayout: keylayout 0x00000409 variant  display 10
[  3339.064] rdpkeybChangeKeyboardControl:
[  3339.064] rdpkeybChangeKeyboardControl: autoRepeat on
[  3339.065] rdpkeybChangeKeyboardControl:
[  3339.065] rdpkeybChangeKeyboardControl: autoRepeat on
[  3339.165] rdpInDeferredRepeatCallback:
[  3339.165] rdpkeybChangeKeyboardControl:
[  3339.165] rdpkeybChangeKeyboardControl: autoRepeat off
[  3339.165] rdpInDeferredRepeatCallback:
[  3339.165] rdpkeybChangeKeyboardControl:
[  3339.165] rdpkeybChangeKeyboardControl: autoRepeat off
[ 12507.926] rdpClientConRecv: g_sck_recv failed(returned 0)
[ 12507.926] rdpClientConRecvMsg: error
[ 12507.926] rdpClientConCheck: rdpClientConGotData failed
[ 12507.926] rdpClientConDisconnect:
[ 12507.926] rdpRemoveClientConFromDev: removing clientCon 0x7ff3bd2aa100
